<?xml version="1.0" encoding="UTF-8" ?>
<testsuite tests="7" failures="1" name="mockito.PankkiTest" time="0.284" errors="0" skipped="0">
  <properties>
[...]
</properties>
  <testcase classname="mockito.PankkiTest" name="ostoksenPaaytyttyaPankinMetodiaTilisiirtoKutsutaanOikeallaAsiakkaallaTilinumerollaJaSummalla" time="0.202"/>
  <testcase classname="mockito.PankkiTest" name="kahdenEriTuotteenJoistaToinenOnLoppuOstoksenPaaytyttyaPankinMetodiaTilisiirtoKutsutaanOikeallaAsiakkaallaTilinumerollaJaSummalla" time="0"/>
  <testcase classname="mockito.PankkiTest" name="ostoksenPaaytyttyaPankinMetodiaTilisiirtoKutsutaan" time="0"/>
  <testcase classname="mockito.PankkiTest" name="kahdenEriTuotteenOstoksenPaaytyttyaPankinMetodiaTilisiirtoKutsutaanOikeallaAsiakkaallaTilinumerollaJaSummalla" time="0"/>
  <testcase classname="mockito.PankkiTest" name="kahdenSamanTuotteenOstoksenPaaytyttyaPankinMetodiaTilisiirtoKutsutaanOikeallaAsiakkaallaTilinumerollaJaSummalla" time="0"/>
  <testcase classname="mockito.PankkiTest" name="uusiAsiointiNollaaEdellisenOstoksen" time="0.017">
    <failure message="
Argument(s) are different! Wanted:
pankki.tilisiirto(
    &lt;any&gt;,
    &lt;any&gt;,
    &lt;any&gt;,
    &lt;any&gt;,
    10
);
-&gt; at mockito.PankkiTest.uusiAsiointiNollaaEdellisenOstoksen(PankkiTest.java:111)
Actual invocation has different arguments:
pankki.tilisiirto(
    &quot;pekka&quot;,
    42,
    &quot;12345&quot;,
    &quot;33333-44455&quot;,
    15
);
-&gt; at ohtu.verkkokauppa.Kauppa.tilimaksu(Kauppa.java:44)
" type="Argument(s) are different! Wanted">Argument(s) are different! Wanted:
pankki.tilisiirto(
    &lt;any&gt;,
    &lt;any&gt;,
    &lt;any&gt;,
    &lt;any&gt;,
    10
);
-&gt; at mockito.PankkiTest.uusiAsiointiNollaaEdellisenOstoksen(PankkiTest.java:111)
Actual invocation has different arguments:
pankki.tilisiirto(
    &quot;pekka&quot;,
    42,
    &quot;12345&quot;,
    &quot;33333-44455&quot;,
    15
);
-&gt; at ohtu.verkkokauppa.Kauppa.tilimaksu(Kauppa.java:44)

	at sun.reflect.NativeConstructorAccessorImpl.newInstance0(Native Method)
	at sun.reflect.NativeConstructorAccessorImpl.newInstance(NativeConstructorAccessorImpl.java:62)
	at sun.reflect.DelegatingConstructorAccessorImpl.newInstance(DelegatingConstructorAccessorImpl.java:45)
	at java.lang.reflect.Constructor.newInstance(Constructor.java:408)
	at mockito.PankkiTest.uusiAsiointiNollaaEdellisenOstoksen(PankkiTest.java:111)
	at sun.reflect.NativeMethodAccessorImpl.invoke0(Native Method)
	at sun.reflect.NativeMethodAccessorImpl.invoke(NativeMethodAccessorImpl.java:62)
	at sun.reflect.DelegatingMethodAccessorImpl.invoke(DelegatingMethodAccessorImpl.java:43)
	at java.lang.reflect.Method.invoke(Method.java:483)
	at org.junit.runners.model.FrameworkMethod$1.runReflectiveCall(FrameworkMethod.java:45)
	at org.junit.internal.runners.model.ReflectiveCallable.run(ReflectiveCallable.java:15)
	at org.junit.runners.model.FrameworkMethod.invokeExplosively(FrameworkMethod.java:42)
	at org.junit.internal.runners.statements.InvokeMethod.evaluate(InvokeMethod.java:20)
	at org.junit.internal.runners.statements.RunBefores.evaluate(RunBefores.java:28)
	at org.junit.runners.ParentRunner.runLeaf(ParentRunner.java:263)
	at org.junit.runners.BlockJUnit4ClassRunner.runChild(BlockJUnit4ClassRunner.java:68)
	at org.junit.runners.BlockJUnit4ClassRunner.runChild(BlockJUnit4ClassRunner.java:47)
	at org.junit.runners.ParentRunner$3.run(ParentRunner.java:231)
	at org.junit.runners.ParentRunner$1.schedule(ParentRunner.java:60)
	at org.junit.runners.ParentRunner.runChildren(ParentRunner.java:229)
	at org.junit.runners.ParentRunner.access$000(ParentRunner.java:50)
	at org.junit.runners.ParentRunner$2.evaluate(ParentRunner.java:222)
	at org.junit.runners.ParentRunner.run(ParentRunner.java:300)
	at org.apache.maven.surefire.junit4.JUnit4TestSet.execute(JUnit4TestSet.java:53)
	at org.apache.maven.surefire.junit4.JUnit4Provider.executeTestSet(JUnit4Provider.java:123)
	at org.apache.maven.surefire.junit4.JUnit4Provider.invoke(JUnit4Provider.java:104)
	at sun.reflect.NativeMethodAccessorImpl.invoke0(Native Method)
	at sun.reflect.NativeMethodAccessorImpl.invoke(NativeMethodAccessorImpl.java:62)
	at sun.reflect.DelegatingMethodAccessorImpl.invoke(DelegatingMethodAccessorImpl.java:43)
	at java.lang.reflect.Method.invoke(Method.java:483)
	at org.apache.maven.surefire.util.ReflectionUtils.invokeMethodWithArray(ReflectionUtils.java:164)
	at org.apache.maven.surefire.booter.ProviderFactory$ProviderProxy.invoke(ProviderFactory.java:110)
	at org.apache.maven.surefire.booter.SurefireStarter.invokeProvider(SurefireStarter.java:175)
	at org.apache.maven.surefire.booter.SurefireStarter.runSuitesInProcessWhenForked(SurefireStarter.java:107)
	at org.apache.maven.surefire.booter.ForkedBooter.main(ForkedBooter.java:68)
</failure>
  </testcase>
  <testcase classname="mockito.PankkiTest" name="jokaiselleMaksutapahtumalleUusiViite" time="0.001"/>
</testsuite>