<?xml version="1.0" encoding="UTF-8" ?>
<testsuite tests="7" failures="0" name="mockito.KauppaTest" time="0.406" errors="0" skipped="0">
  <properties>
[...]
</properties>
  <testcase classname="mockito.KauppaTest" name="kahdenEriTuotteenJoistaToinenOnLoppuOstoksenPaaytyttyaPankinMetodiaTilisiirtoKutsutaanOikeallaAsiakkaallaTilinumerollaJaSummalla" time="0.401"/>
  <testcase classname="mockito.KauppaTest" name="ostoksenPaaytyttyaPankinMetodiaTilisiirtoKutsutaan" time="0"/>
  <testcase classname="mockito.KauppaTest" name="kahdenEriTuotteenOstoksenPaaytyttyaPankinMetodiaTilisiirtoKutsutaanOikeallaAsiakkaallaTilinumerollaJaSummalla" time="0.001"/>
  <testcase classname="mockito.KauppaTest" name="kahdenSamanTuotteenOstoksenPaaytyttyaPankinMetodiaTilisiirtoKutsutaanOikeallaAsiakkaallaTilinumerollaJaSummalla" time="0.002"/>
  <testcase classname="mockito.KauppaTest" name="uusiAsiointiNollaaEdellisenOstoksen" time="0.001"/>
  <testcase classname="mockito.KauppaTest" name="jokaiselleMaksutapahtumalleUusiViite" time="0.001"/>
  <testcase classname="mockito.KauppaTest" name="ostoksenPaaytyttyaPankinMetodiaTilisiirtoKutsutaanOikeallaAsiakkaallaTilinumerollaJaSummalla" time="0"/>
</testsuite>